<?xml version="1.0" encoding="UTF-8"?>
<testsuite xmlns:xsi="http://www.w3.org/2001/XMLSchema-instance" xsi:noNamespaceSchemaLocation="https://maven.apache.org/surefire/maven-surefire-plugin/xsd/surefire-test-report.xsd" name="Test" time="0.118" tests="1" errors="1" skipped="0" failures="0">
  <properties>
[...]
</properties>
  <testcase name="testOnDefaultInput{String, String, String}[1]" classname="Test" time="0.065">
    <error type="java.lang.ExceptionInInitializerError">java.lang.ExceptionInInitializerError
	at Test.testOnDefaultInput(Test.java:33)
Caused by: java.lang.UnsupportedOperationException: java.io.InvalidClassException: org.antlr.v4.runtime.atn.ATN; Could not deserialize ATN with version 3 (expected 4).
	at Test.testOnDefaultInput(Test.java:33)
Caused by: java.io.InvalidClassException: org.antlr.v4.runtime.atn.ATN; Could not deserialize ATN with version 3 (expected 4).
	at Test.testOnDefaultInput(Test.java:33)
</error>
    <system-err><![CDATA[ANTLR Tool version 4.9.2 used for code generation does not match the current runtime version 4.13.1
]]></system-err>
  </testcase>
</testsuite>